<?xml version="1.0" encoding="UTF-8"?>
<!-- Generated by org.testng.reporters.JUnitXMLReporter -->
<testsuite hostname="WRATHR1W7" name="Regrssion Testing" tests="5" failures="0" timestamp="28 Dec 2014 09:05:31 GMT" time="0.135" errors="0">
  <testcase name="testCase728" time="0.119" classname="com.testcase.TestGroups"/>
  <testcase name="testCase956" time="0.001" classname="com.testcase.TestGroups"/>
  <testcase name="testCaseCLF" time="0.001" classname="com.testcase.TestGroups"/>
  <testcase name="testCaseKWD" time="0.0" classname="com.testcase.TestGroups"/>
  <testcase name="testCase" time="0.001" classname="com.testcase.TestGroups"/>
</testsuite> <!-- Regrssion Testing -->
