<?xml version="1.0" encoding="UTF-8"?>
<testng-results skipped="0" failed="0" total="4" passed="4">
  <reporter-output>
  </reporter-output>
  <suite name="Default suite" duration-ms="1134" started-at="2018-01-19T03:19:40Z" finished-at="2018-01-19T03:19:41Z">
    <groups>
    </groups>
    <test name="Default test" duration-ms="1134" started-at="2018-01-19T03:19:40Z" finished-at="2018-01-19T03:19:41Z">
      <class name="com.testcase.TestAssertCodeMapper">
        <test-method status="PASS" signature="testTimeout()[pri:0, instance:com.testcase.TestAssertCodeMapper@7ca48474]" name="testTimeout" duration-ms="1013" started-at="2018-01-19T08:49:40Z" finished-at="2018-01-19T08:49:41Z">
          <reporter-output>
          </reporter-output>
        </test-method> <!-- testTimeout -->
        <test-method status="PASS" signature="testNumericCode()[pri:0, instance:com.testcase.TestAssertCodeMapper@7ca48474]" name="testNumericCode" duration-ms="94" started-at="2018-01-19T08:49:41Z" finished-at="2018-01-19T08:49:41Z">
          <reporter-output>
          </reporter-output>
        </test-method> <!-- testNumericCode -->
        <test-method status="PASS" signature="testMinorUnit()[pri:0, instance:com.testcase.TestAssertCodeMapper@7ca48474]" name="testMinorUnit" duration-ms="1" started-at="2018-01-19T08:49:41Z" finished-at="2018-01-19T08:49:41Z">
          <reporter-output>
          </reporter-output>
        </test-method> <!-- testMinorUnit -->
        <test-method status="PASS" signature="testIsoCode()[pri:0, instance:com.testcase.TestAssertCodeMapper@7ca48474]" name="testIsoCode" duration-ms="9" started-at="2018-01-19T08:49:41Z" description="Iso Code as Argument" finished-at="2018-01-19T08:49:41Z">
          <reporter-output>
          </reporter-output>
        </test-method> <!-- testIsoCode -->
      </class> <!-- com.testcase.TestAssertCodeMapper -->
    </test> <!-- Default test -->
  </suite> <!-- Default suite -->
</testng-results>
