<?xml version="1.0" encoding="UTF-8"?>
<testng-results skipped="0" failed="0" total="2" passed="2">
  <reporter-output>
  </reporter-output>
  <suite name="CodeMapper" duration-ms="45" started-at="2020-05-02T02:01:37Z" finished-at="2020-05-02T02:01:37Z">
    <groups>
    </groups>
    <test name="Test - 2" duration-ms="14" started-at="2020-05-02T02:01:37Z" finished-at="2020-05-02T02:01:37Z">
      <class name="com.testngclasses.TestPublicMethod">
        <test-method status="PASS" signature="anotherPublicMethodTest()[pri:0, instance:com.testngclasses.TestPublicMethod@e2d56bf]" name="anotherPublicMethodTest" duration-ms="6" started-at="2020-05-01T19:01:37Z" finished-at="2020-05-01T19:01:37Z">
          <reporter-output>
          </reporter-output>
        </test-method> <!-- anotherPublicMethodTest -->
      </class> <!-- com.testngclasses.TestPublicMethod -->
      <class name="com.testngclasses.TestStaticMethod">
        <test-method status="PASS" signature="StaticMethodTest()[pri:0, instance:com.testngclasses.TestStaticMethod@9e89d68]" name="StaticMethodTest" duration-ms="0" started-at="2020-05-01T19:01:37Z" finished-at="2020-05-01T19:01:37Z">
          <reporter-output>
          </reporter-output>
        </test-method> <!-- StaticMethodTest -->
      </class> <!-- com.testngclasses.TestStaticMethod -->
    </test> <!-- Test - 2 -->
    <test name="Command line test c365a86c-e641-44ba-bea5-92e3e57cab6a" duration-ms="0" started-at="2020-05-02T02:01:37Z" finished-at="2020-05-02T02:01:37Z">
    </test> <!-- Command line test c365a86c-e641-44ba-bea5-92e3e57cab6a -->
  </suite> <!-- CodeMapper -->
</testng-results>
